# JRE version: OpenJDK Runtime Environment (8.0_152-b06) (build 1.8.0_152-release-1136-b06)
# Java VM: OpenJDK 64-Bit Server VM (25.152-b06 mixed mode windows-amd64 compressed oops)
Heap:
 PSYoungGen      total 109568K, used 86994K [0x00000000d6400000, 0x00000000de900000, 0x0000000100000000)
  eden space 88576K, 74% used [0x00000000d6400000,0x00000000da479a30,0x00000000dba80000)
  from space 20992K, 99% used [0x00000000dba80000,0x00000000dcefae78,0x00000000dcf00000)
  to   space 18944K, 0% used [0x00000000dcf00000,0x00000000dcf00000,0x00000000de180000)
 ParOldGen       total 124928K, used 38436K [0x0000000082c00000, 0x000000008a600000, 0x00000000d6400000)
  object space 124928K, 30% used [0x0000000082c00000,0x0000000085189288,0x000000008a600000)
 Metaspace       used 49792K, capacity 50709K, committed 51032K, reserved 1093632K
  class space    used 5960K, capacity 6163K, committed 6272K, reserved 1048576K
GC Heap History (10 events):
Event: 8.004 GC heap before
{Heap before GC invocations=7 (full 1):
 PSYoungGen      total 70656K, used 46059K [0x00000000d6400000, 0x00000000dc600000, 0x0000000100000000)
  eden space 65536K, 62% used [0x00000000d6400000,0x00000000d8bfb250,0x00000000da400000)
  from space 5120K, 99% used [0x00000000da400000,0x00000000da8ffb18,0x00000000da900000)
  to   space 16896K, 0% used [0x00000000db580000,0x00000000db580000,0x00000000dc600000)
 ParOldGen       total 65024K, used 24015K [0x0000000082c00000, 0x0000000086b80000, 0x00000000d6400000)
  object space 65024K, 36% used [0x0000000082c00000,0x0000000084373e90,0x0000000086b80000)
 Metaspace       used 34482K, capacity 35023K, committed 35416K, reserved 1081344K
  class space    used 4309K, capacity 4480K, committed 4480K, reserved 1048576K
Event: 8.017 GC heap after
Heap after GC invocations=7 (full 1):
 PSYoungGen      total 82944K, used 13691K [0x00000000d6400000, 0x00000000dde00000, 0x0000000100000000)
  eden space 66048K, 0% used [0x00000000d6400000,0x00000000d6400000,0x00000000da480000)
  from space 16896K, 81% used [0x00000000db580000,0x00000000dc2deda8,0x00000000dc600000)
  to   space 17408K, 0% used [0x00000000da480000,0x00000000da480000,0x00000000db580000)
 ParOldGen       total 65024K, used 24023K [0x0000000082c00000, 0x0000000086b80000, 0x00000000d6400000)
  object space 65024K, 36% used [0x0000000082c00000,0x0000000084375e90,0x0000000086b80000)
 Metaspace       used 34482K, capacity 35023K, committed 35416K, reserved 1081344K
  class space    used 4309K, capacity 4480K, committed 4480K, reserved 1048576K
}
Event: 8.017 GC heap before
{Heap before GC invocations=8 (full 2):
 PSYoungGen      total 82944K, used 13691K [0x00000000d6400000, 0x00000000dde00000, 0x0000000100000000)
  eden space 66048K, 0% used [0x00000000d6400000,0x00000000d6400000,0x00000000da480000)
  from space 16896K, 81% used [0x00000000db580000,0x00000000dc2deda8,0x00000000dc600000)
  to   space 17408K, 0% used [0x00000000da480000,0x00000000da480000,0x00000000db580000)
 ParOldGen       total 65024K, used 24023K [0x0000000082c00000, 0x0000000086b80000, 0x00000000d6400000)
  object space 65024K, 36% used [0x0000000082c00000,0x0000000084375e90,0x0000000086b80000)
 Metaspace       used 34482K, capacity 35023K, committed 35416K, reserved 1081344K
  class space    used 4309K, capacity 4480K, committed 4480K, reserved 1048576K
Event: 8.127 GC heap after
Heap after GC invocations=8 (full 2):
 PSYoungGen      total 82944K, used 0K [0x00000000d6400000, 0x00000000dde00000, 0x0000000100000000)
  eden space 66048K, 0% used [0x00000000d6400000,0x00000000d6400000,0x00000000da480000)
  from space 16896K, 0% used [0x00000000db580000,0x00000000db580000,0x00000000dc600000)
  to   space 17408K, 0% used [0x00000000da480000,0x00000000da480000,0x00000000db580000)
 ParOldGen       total 124928K, used 31488K [0x0000000082c00000, 0x000000008a600000, 0x00000000d6400000)
  object space 124928K, 25% used [0x0000000082c00000,0x0000000084ac0170,0x000000008a600000)
 Metaspace       used 34482K, capacity 35023K, committed 35416K, reserved 1081344K
  class space    used 4309K, capacity 4480K, committed 4480K, reserved 1048576K
}
Event: 9.903 GC heap before
{Heap before GC invocations=9 (full 2):
 PSYoungGen      total 82944K, used 66048K [0x00000000d6400000, 0x00000000dde00000, 0x0000000100000000)
  eden space 66048K, 100% used [0x00000000d6400000,0x00000000da480000,0x00000000da480000)
  from space 16896K, 0% used [0x00000000db580000,0x00000000db580000,0x00000000dc600000)
  to   space 17408K, 0% used [0x00000000da480000,0x00000000da480000,0x00000000db580000)
 ParOldGen       total 124928K, used 31488K [0x0000000082c00000, 0x000000008a600000, 0x00000000d6400000)
  object space 124928K, 25% used [0x0000000082c00000,0x0000000084ac0170,0x000000008a600000)
 Metaspace       used 37512K, capacity 38055K, committed 38360K, reserved 1083392K
  class space    used 4658K, capacity 4825K, committed 4864K, reserved 1048576K
Event: 9.917 GC heap after
Heap after GC invocations=9 (full 2):
 PSYoungGen      total 83456K, used 15858K [0x00000000d6400000, 0x00000000de180000, 0x0000000100000000)
  eden space 66048K, 0% used [0x00000000d6400000,0x00000000d6400000,0x00000000da480000)
  from space 17408K, 91% used [0x00000000da480000,0x00000000db3fcad8,0x00000000db580000)
  to   space 18944K, 0% used [0x00000000dcf00000,0x00000000dcf00000,0x00000000de180000)
 ParOldGen       total 124928K, used 31496K [0x0000000082c00000, 0x000000008a600000, 0x00000000d6400000)
  object space 124928K, 25% used [0x0000000082c00000,0x0000000084ac2170,0x000000008a600000)
 Metaspace       used 37512K, capacity 38055K, committed 38360K, reserved 1083392K
  class space    used 4658K, capacity 4825K, committed 4864K, reserved 1048576K
}
Event: 10.957 GC heap before
{Heap before GC invocations=10 (full 2):
 PSYoungGen      total 83456K, used 81906K [0x00000000d6400000, 0x00000000de180000, 0x0000000100000000)
  eden space 66048K, 100% used [0x00000000d6400000,0x00000000da480000,0x00000000da480000)
  from space 17408K, 91% used [0x00000000da480000,0x00000000db3fcad8,0x00000000db580000)
  to   space 18944K, 0% used [0x00000000dcf00000,0x00000000dcf00000,0x00000000de180000)
 ParOldGen       total 124928K, used 31496K [0x0000000082c00000, 0x000000008a600000, 0x00000000d6400000)
  object space 124928K, 25% used [0x0000000082c00000,0x0000000084ac2170,0x000000008a600000)
 Metaspace       used 39128K, capacity 39775K, committed 40280K, reserved 1085440K
  class space    used 4784K, capacity 4966K, committed 4992K, reserved 1048576K
Event: 10.982 GC heap after
Heap after GC invocations=10 (full 2):
 PSYoungGen      total 107520K, used 17370K [0x00000000d6400000, 0x00000000de900000, 0x0000000100000000)
  eden space 88576K, 0% used [0x00000000d6400000,0x00000000d6400000,0x00000000dba80000)
  from space 18944K, 91% used [0x00000000dcf00000,0x00000000ddff6898,0x00000000de180000)
  to   space 20992K, 0% used [0x00000000dba80000,0x00000000dba80000,0x00000000dcf00000)
 ParOldGen       total 124928K, used 31504K [0x0000000082c00000, 0x000000008a600000, 0x00000000d6400000)
  object space 124928K, 25% used [0x0000000082c00000,0x0000000084ac4170,0x000000008a600000)
 Metaspace       used 39128K, capacity 39775K, committed 40280K, reserved 1085440K
  class space    used 4784K, capacity 4966K, committed 4992K, reserved 1048576K
}
Event: 14.734 GC heap before
{Heap before GC invocations=11 (full 2):
 PSYoungGen      total 107520K, used 105946K [0x00000000d6400000, 0x00000000de900000, 0x0000000100000000)
  eden space 88576K, 100% used [0x00000000d6400000,0x00000000dba80000,0x00000000dba80000)
  from space 18944K, 91% used [0x00000000dcf00000,0x00000000ddff6898,0x00000000de180000)
  to   space 20992K, 0% used [0x00000000dba80000,0x00000000dba80000,0x00000000dcf00000)
 ParOldGen       total 124928K, used 31504K [0x0000000082c00000, 0x000000008a600000, 0x00000000d6400000)
  object space 124928K, 25% used [0x0000000082c00000,0x0000000084ac4170,0x000000008a600000)
 Metaspace       used 45054K, capacity 45861K, committed 46168K, reserved 1089536K
  class space    used 5541K, capacity 5731K, committed 5760K, reserved 1048576K
Event: 14.764 GC heap after
Heap after GC invocations=11 (full 2):
 PSYoungGen      total 109568K, used 20971K [0x00000000d6400000, 0x00000000de900000, 0x0000000100000000)
  eden space 88576K, 0% used [0x00000000d6400000,0x00000000d6400000,0x00000000dba80000)
  from space 20992K, 99% used [0x00000000dba80000,0x00000000dcefae78,0x00000000dcf00000)
  to   space 18944K, 0% used [0x00000000dcf00000,0x00000000dcf00000,0x00000000de180000)
 ParOldGen       total 124928K, used 38436K [0x0000000082c00000, 0x000000008a600000, 0x00000000d6400000)
  object space 124928K, 30% used [0x0000000082c00000,0x0000000085189288,0x000000008a600000)
 Metaspace       used 45054K, capacity 45861K, committed 46168K, reserved 1089536K
  class space    used 5541K, capacity 5731K, committed 5760K, reserved 1048576K
}

