# JRE version: OpenJDK Runtime Environment (8.0_152-b06) (build 1.8.0_152-release-1136-b06)
# Java VM: OpenJDK 64-Bit Server VM (25.152-b06 mixed mode windows-amd64 compressed oops)
Heap:
 PSYoungGen      total 306688K, used 243432K [0x00000000e0000000, 0x00000000f9580000, 0x0000000100000000)
  eden space 239104K, 95% used [0x00000000e0000000,0x00000000edfc51c0,0x00000000ee980000)
  from space 67584K, 21% used [0x00000000ee980000,0x00000000ef775220,0x00000000f2b80000)
  to   space 66048K, 0% used [0x00000000f5500000,0x00000000f5500000,0x00000000f9580000)
 ParOldGen       total 202752K, used 71449K [0x00000000a0000000, 0x00000000ac600000, 0x00000000e0000000)
  object space 202752K, 35% used [0x00000000a0000000,0x00000000a45c64d0,0x00000000ac600000)
 Metaspace       used 84326K, capacity 86288K, committed 86360K, reserved 1126400K
  class space    used 9627K, capacity 10065K, committed 10112K, reserved 1048576K
GC Heap History (10 events):
Event: 49.974 GC heap before
{Heap before GC invocations=23 (full 5):
 PSYoungGen      total 224256K, used 224254K [0x00000000e0000000, 0x00000000f7300000, 0x0000000100000000)
  eden space 162304K, 100% used [0x00000000e0000000,0x00000000e9e80000,0x00000000e9e80000)
  from space 61952K, 99% used [0x00000000e9e80000,0x00000000edaff978,0x00000000edb00000)
  to   space 78848K, 0% used [0x00000000f2600000,0x00000000f2600000,0x00000000f7300000)
 ParOldGen       total 230912K, used 129113K [0x00000000a0000000, 0x00000000ae180000, 0x00000000e0000000)
  object space 230912K, 55% used [0x00000000a0000000,0x00000000a7e164f8,0x00000000ae180000)
 Metaspace       used 72774K, capacity 74012K, committed 74328K, reserved 1114112K
  class space    used 8533K, capacity 8785K, committed 8832K, reserved 1048576K
Event: 50.043 GC heap after
Heap after GC invocations=23 (full 5):
 PSYoungGen      total 244736K, used 26590K [0x00000000e0000000, 0x00000000f5300000, 0x0000000100000000)
  eden space 198656K, 0% used [0x00000000e0000000,0x00000000e0000000,0x00000000ec200000)
  from space 46080K, 57% used [0x00000000f2600000,0x00000000f3ff7b68,0x00000000f5300000)
  to   space 74240K, 0% used [0x00000000ec200000,0x00000000ec200000,0x00000000f0a80000)
 ParOldGen       total 230912K, used 182618K [0x00000000a0000000, 0x00000000ae180000, 0x00000000e0000000)
  object space 230912K, 79% used [0x00000000a0000000,0x00000000ab256bc8,0x00000000ae180000)
 Metaspace       used 72774K, capacity 74012K, committed 74328K, reserved 1114112K
  class space    used 8533K, capacity 8785K, committed 8832K, reserved 1048576K
}
Event: 51.960 GC heap before
{Heap before GC invocations=24 (full 5):
 PSYoungGen      total 244736K, used 225246K [0x00000000e0000000, 0x00000000f5300000, 0x0000000100000000)
  eden space 198656K, 100% used [0x00000000e0000000,0x00000000ec200000,0x00000000ec200000)
  from space 46080K, 57% used [0x00000000f2600000,0x00000000f3ff7b68,0x00000000f5300000)
  to   space 74240K, 0% used [0x00000000ec200000,0x00000000ec200000,0x00000000f0a80000)
 ParOldGen       total 230912K, used 182618K [0x00000000a0000000, 0x00000000ae180000, 0x00000000e0000000)
  object space 230912K, 79% used [0x00000000a0000000,0x00000000ab256bc8,0x00000000ae180000)
 Metaspace       used 73739K, capacity 75064K, committed 75480K, reserved 1116160K
  class space    used 8629K, capacity 8931K, committed 8960K, reserved 1048576K
Event: 52.003 GC heap after
Heap after GC invocations=24 (full 5):
 PSYoungGen      total 272896K, used 21815K [0x00000000e0000000, 0x00000000f7800000, 0x0000000100000000)
  eden space 198656K, 0% used [0x00000000e0000000,0x00000000e0000000,0x00000000ec200000)
  from space 74240K, 29% used [0x00000000ec200000,0x00000000ed74dc90,0x00000000f0a80000)
  to   space 71168K, 0% used [0x00000000f3280000,0x00000000f3280000,0x00000000f7800000)
 ParOldGen       total 230912K, used 208175K [0x00000000a0000000, 0x00000000ae180000, 0x00000000e0000000)
  object space 230912K, 90% used [0x00000000a0000000,0x00000000acb4be40,0x00000000ae180000)
 Metaspace       used 73739K, capacity 75064K, committed 75480K, reserved 1116160K
  class space    used 8629K, capacity 8931K, committed 8960K, reserved 1048576K
}
Event: 52.003 GC heap before
{Heap before GC invocations=25 (full 6):
 PSYoungGen      total 272896K, used 21815K [0x00000000e0000000, 0x00000000f7800000, 0x0000000100000000)
  eden space 198656K, 0% used [0x00000000e0000000,0x00000000e0000000,0x00000000ec200000)
  from space 74240K, 29% used [0x00000000ec200000,0x00000000ed74dc90,0x00000000f0a80000)
  to   space 71168K, 0% used [0x00000000f3280000,0x00000000f3280000,0x00000000f7800000)
 ParOldGen       total 230912K, used 208175K [0x00000000a0000000, 0x00000000ae180000, 0x00000000e0000000)
  object space 230912K, 90% used [0x00000000a0000000,0x00000000acb4be40,0x00000000ae180000)
 Metaspace       used 73739K, capacity 75064K, committed 75480K, reserved 1116160K
  class space    used 8629K, capacity 8931K, committed 8960K, reserved 1048576K
Event: 52.227 GC heap after
Heap after GC invocations=25 (full 6):
 PSYoungGen      total 272896K, used 0K [0x00000000e0000000, 0x00000000f7800000, 0x0000000100000000)
  eden space 198656K, 0% used [0x00000000e0000000,0x00000000e0000000,0x00000000ec200000)
  from space 74240K, 0% used [0x00000000ec200000,0x00000000ec200000,0x00000000f0a80000)
  to   space 71168K, 0% used [0x00000000f3280000,0x00000000f3280000,0x00000000f7800000)
 ParOldGen       total 202752K, used 51331K [0x00000000a0000000, 0x00000000ac600000, 0x00000000e0000000)
  object space 202752K, 25% used [0x00000000a0000000,0x00000000a3220e18,0x00000000ac600000)
 Metaspace       used 73739K, capacity 75064K, committed 75480K, reserved 1116160K
  class space    used 8629K, capacity 8931K, committed 8960K, reserved 1048576K
}
Event: 56.375 GC heap before
{Heap before GC invocations=26 (full 6):
 PSYoungGen      total 272896K, used 198656K [0x00000000e0000000, 0x00000000f7800000, 0x0000000100000000)
  eden space 198656K, 100% used [0x00000000e0000000,0x00000000ec200000,0x00000000ec200000)
  from space 74240K, 0% used [0x00000000ec200000,0x00000000ec200000,0x00000000f0a80000)
  to   space 71168K, 0% used [0x00000000f3280000,0x00000000f3280000,0x00000000f7800000)
 ParOldGen       total 202752K, used 51331K [0x00000000a0000000, 0x00000000ac600000, 0x00000000e0000000)
  object space 202752K, 25% used [0x00000000a0000000,0x00000000a3220e18,0x00000000ac600000)
 Metaspace       used 77017K, capacity 78756K, committed 78808K, reserved 1118208K
  class space    used 9012K, capacity 9425K, committed 9472K, reserved 1048576K
Event: 56.412 GC heap after
Heap after GC invocations=26 (full 6):
 PSYoungGen      total 299520K, used 24555K [0x00000000e0000000, 0x00000000f6d80000, 0x0000000100000000)
  eden space 239104K, 0% used [0x00000000e0000000,0x00000000e0000000,0x00000000ee980000)
  from space 60416K, 40% used [0x00000000f3280000,0x00000000f4a7ac80,0x00000000f6d80000)
  to   space 67584K, 0% used [0x00000000ee980000,0x00000000ee980000,0x00000000f2b80000)
 ParOldGen       total 202752K, used 51339K [0x00000000a0000000, 0x00000000ac600000, 0x00000000e0000000)
  object space 202752K, 25% used [0x00000000a0000000,0x00000000a3222e18,0x00000000ac600000)
 Metaspace       used 77017K, capacity 78756K, committed 78808K, reserved 1118208K
  class space    used 9012K, capacity 9425K, committed 9472K, reserved 1048576K
}
Event: 62.576 GC heap before
{Heap before GC invocations=27 (full 6):
 PSYoungGen      total 299520K, used 263659K [0x00000000e0000000, 0x00000000f6d80000, 0x0000000100000000)
  eden space 239104K, 100% used [0x00000000e0000000,0x00000000ee980000,0x00000000ee980000)
  from space 60416K, 40% used [0x00000000f3280000,0x00000000f4a7ac80,0x00000000f6d80000)
  to   space 67584K, 0% used [0x00000000ee980000,0x00000000ee980000,0x00000000f2b80000)
 ParOldGen       total 202752K, used 51339K [0x00000000a0000000, 0x00000000ac600000, 0x00000000e0000000)
  object space 202752K, 25% used [0x00000000a0000000,0x00000000a3222e18,0x00000000ac600000)
 Metaspace       used 82580K, capacity 84494K, committed 84696K, reserved 1124352K
  class space    used 9482K, capacity 9918K, committed 9984K, reserved 1048576K
Event: 62.618 GC heap after
Heap after GC invocations=27 (full 6):
 PSYoungGen      total 306688K, used 14292K [0x00000000e0000000, 0x00000000f9580000, 0x0000000100000000)
  eden space 239104K, 0% used [0x00000000e0000000,0x00000000e0000000,0x00000000ee980000)
  from space 67584K, 21% used [0x00000000ee980000,0x00000000ef775220,0x00000000f2b80000)
  to   space 66048K, 0% used [0x00000000f5500000,0x00000000f5500000,0x00000000f9580000)
 ParOldGen       total 202752K, used 71449K [0x00000000a0000000, 0x00000000ac600000, 0x00000000e0000000)
  object space 202752K, 35% used [0x00000000a0000000,0x00000000a45c64d0,0x00000000ac600000)
 Metaspace       used 82580K, capacity 84494K, committed 84696K, reserved 1124352K
  class space    used 9482K, capacity 9918K, committed 9984K, reserved 1048576K
}

