# JRE version: OpenJDK Runtime Environment (8.0_152-b06) (build 1.8.0_152-release-1136-b06)
# Java VM: OpenJDK 64-Bit Server VM (25.152-b06 mixed mode windows-amd64 compressed oops)
Heap:
 PSYoungGen      total 112640K, used 74530K [0x00000000d6400000, 0x00000000df900000, 0x0000000100000000)
  eden space 88064K, 56% used [0x00000000d6400000,0x00000000d94ce300,0x00000000dba00000)
  from space 24576K, 99% used [0x00000000dd680000,0x00000000dee7a648,0x00000000dee80000)
  to   space 29184K, 0% used [0x00000000dba00000,0x00000000dba00000,0x00000000dd680000)
 ParOldGen       total 131072K, used 40717K [0x0000000082c00000, 0x000000008ac00000, 0x00000000d6400000)
  object space 131072K, 31% used [0x0000000082c00000,0x00000000853c3658,0x000000008ac00000)
 Metaspace       used 51131K, capacity 52033K, committed 52440K, reserved 1095680K
  class space    used 6087K, capacity 6299K, committed 6400K, reserved 1048576K
GC Heap History (10 events):
Event: 9.145 GC heap before
{Heap before GC invocations=8 (full 2):
 PSYoungGen      total 74240K, used 14440K [0x00000000d6400000, 0x00000000dd580000, 0x0000000100000000)
  eden space 57856K, 0% used [0x00000000d6400000,0x00000000d6400000,0x00000000d9c80000)
  from space 16384K, 88% used [0x00000000dae00000,0x00000000dbc1a1c0,0x00000000dbe00000)
  to   space 17920K, 0% used [0x00000000d9c80000,0x00000000d9c80000,0x00000000dae00000)
 ParOldGen       total 67072K, used 23224K [0x0000000082c00000, 0x0000000086d80000, 0x00000000d6400000)
  object space 67072K, 34% used [0x0000000082c00000,0x00000000842ae310,0x0000000086d80000)
 Metaspace       used 34476K, capacity 35023K, committed 35416K, reserved 1081344K
  class space    used 4309K, capacity 4480K, committed 4480K, reserved 1048576K
Event: 9.257 GC heap after
Heap after GC invocations=8 (full 2):
 PSYoungGen      total 74240K, used 0K [0x00000000d6400000, 0x00000000dd580000, 0x0000000100000000)
  eden space 57856K, 0% used [0x00000000d6400000,0x00000000d6400000,0x00000000d9c80000)
  from space 16384K, 0% used [0x00000000dae00000,0x00000000dae00000,0x00000000dbe00000)
  to   space 17920K, 0% used [0x00000000d9c80000,0x00000000d9c80000,0x00000000dae00000)
 ParOldGen       total 131072K, used 31641K [0x0000000082c00000, 0x000000008ac00000, 0x00000000d6400000)
  object space 131072K, 24% used [0x0000000082c00000,0x0000000084ae65b8,0x000000008ac00000)
 Metaspace       used 34476K, capacity 35023K, committed 35416K, reserved 1081344K
  class space    used 4309K, capacity 4480K, committed 4480K, reserved 1048576K
}
Event: 10.943 GC heap before
{Heap before GC invocations=9 (full 2):
 PSYoungGen      total 74240K, used 57856K [0x00000000d6400000, 0x00000000dd580000, 0x0000000100000000)
  eden space 57856K, 100% used [0x00000000d6400000,0x00000000d9c80000,0x00000000d9c80000)
  from space 16384K, 0% used [0x00000000dae00000,0x00000000dae00000,0x00000000dbe00000)
  to   space 17920K, 0% used [0x00000000d9c80000,0x00000000d9c80000,0x00000000dae00000)
 ParOldGen       total 131072K, used 31641K [0x0000000082c00000, 0x000000008ac00000, 0x00000000d6400000)
  object space 131072K, 24% used [0x0000000082c00000,0x0000000084ae65b8,0x000000008ac00000)
 Metaspace       used 36856K, capacity 37401K, committed 37848K, reserved 1083392K
  class space    used 4576K, capacity 4756K, committed 4864K, reserved 1048576K
Event: 10.955 GC heap after
Heap after GC invocations=9 (full 2):
 PSYoungGen      total 75776K, used 14558K [0x00000000d6400000, 0x00000000dd380000, 0x0000000100000000)
  eden space 57856K, 0% used [0x00000000d6400000,0x00000000d6400000,0x00000000d9c80000)
  from space 17920K, 81% used [0x00000000d9c80000,0x00000000daab7940,0x00000000dae00000)
  to   space 18432K, 0% used [0x00000000dc180000,0x00000000dc180000,0x00000000dd380000)
 ParOldGen       total 131072K, used 31649K [0x0000000082c00000, 0x000000008ac00000, 0x00000000d6400000)
  object space 131072K, 24% used [0x0000000082c00000,0x0000000084ae85b8,0x000000008ac00000)
 Metaspace       used 36856K, capacity 37401K, committed 37848K, reserved 1083392K
  class space    used 4576K, capacity 4756K, committed 4864K, reserved 1048576K
}
Event: 12.855 GC heap before
{Heap before GC invocations=10 (full 2):
 PSYoungGen      total 75776K, used 72414K [0x00000000d6400000, 0x00000000dd380000, 0x0000000100000000)
  eden space 57856K, 100% used [0x00000000d6400000,0x00000000d9c80000,0x00000000d9c80000)
  from space 17920K, 81% used [0x00000000d9c80000,0x00000000daab7940,0x00000000dae00000)
  to   space 18432K, 0% used [0x00000000dc180000,0x00000000dc180000,0x00000000dd380000)
 ParOldGen       total 131072K, used 31649K [0x0000000082c00000, 0x000000008ac00000, 0x00000000d6400000)
  object space 131072K, 24% used [0x0000000082c00000,0x0000000084ae85b8,0x000000008ac00000)
 Metaspace       used 39051K, capacity 39707K, committed 40024K, reserved 1085440K
  class space    used 4777K, capacity 4966K, committed 4992K, reserved 1048576K
Event: 12.877 GC heap after
Heap after GC invocations=10 (full 2):
 PSYoungGen      total 94208K, used 16919K [0x00000000d6400000, 0x00000000dd800000, 0x0000000100000000)
  eden space 75776K, 0% used [0x00000000d6400000,0x00000000d6400000,0x00000000dae00000)
  from space 18432K, 91% used [0x00000000dc180000,0x00000000dd205d98,0x00000000dd380000)
  to   space 19968K, 0% used [0x00000000dae00000,0x00000000dae00000,0x00000000dc180000)
 ParOldGen       total 131072K, used 31657K [0x0000000082c00000, 0x000000008ac00000, 0x00000000d6400000)
  object space 131072K, 24% used [0x0000000082c00000,0x0000000084aea5b8,0x000000008ac00000)
 Metaspace       used 39051K, capacity 39707K, committed 40024K, reserved 1085440K
  class space    used 4777K, capacity 4966K, committed 4992K, reserved 1048576K
}
Event: 15.051 GC heap before
{Heap before GC invocations=11 (full 2):
 PSYoungGen      total 94208K, used 92695K [0x00000000d6400000, 0x00000000dd800000, 0x0000000100000000)
  eden space 75776K, 100% used [0x00000000d6400000,0x00000000dae00000,0x00000000dae00000)
  from space 18432K, 91% used [0x00000000dc180000,0x00000000dd205d98,0x00000000dd380000)
  to   space 19968K, 0% used [0x00000000dae00000,0x00000000dae00000,0x00000000dc180000)
 ParOldGen       total 131072K, used 31657K [0x0000000082c00000, 0x000000008ac00000, 0x00000000d6400000)
  object space 131072K, 24% used [0x0000000082c00000,0x0000000084aea5b8,0x000000008ac00000)
 Metaspace       used 44507K, capacity 45235K, committed 45656K, reserved 1089536K
  class space    used 5512K, capacity 5722K, committed 5760K, reserved 1048576K
Event: 15.076 GC heap after
Heap after GC invocations=11 (full 2):
 PSYoungGen      total 95744K, used 19963K [0x00000000d6400000, 0x00000000dee80000, 0x0000000100000000)
  eden space 75776K, 0% used [0x00000000d6400000,0x00000000d6400000,0x00000000dae00000)
  from space 19968K, 99% used [0x00000000dae00000,0x00000000dc17edc8,0x00000000dc180000)
  to   space 24576K, 0% used [0x00000000dd680000,0x00000000dd680000,0x00000000dee80000)
 ParOldGen       total 131072K, used 37449K [0x0000000082c00000, 0x000000008ac00000, 0x00000000d6400000)
  object space 131072K, 28% used [0x0000000082c00000,0x0000000085092490,0x000000008ac00000)
 Metaspace       used 44507K, capacity 45235K, committed 45656K, reserved 1089536K
  class space    used 5512K, capacity 5722K, committed 5760K, reserved 1048576K
}
Event: 17.482 GC heap before
{Heap before GC invocations=12 (full 2):
 PSYoungGen      total 95744K, used 95739K [0x00000000d6400000, 0x00000000dee80000, 0x0000000100000000)
  eden space 75776K, 100% used [0x00000000d6400000,0x00000000dae00000,0x00000000dae00000)
  from space 19968K, 99% used [0x00000000dae00000,0x00000000dc17edc8,0x00000000dc180000)
  to   space 24576K, 0% used [0x00000000dd680000,0x00000000dd680000,0x00000000dee80000)
 ParOldGen       total 131072K, used 37449K [0x0000000082c00000, 0x000000008ac00000, 0x00000000d6400000)
  object space 131072K, 28% used [0x0000000082c00000,0x0000000085092490,0x000000008ac00000)
 Metaspace       used 47110K, capacity 47939K, committed 48216K, reserved 1091584K
  class space    used 5731K, capacity 5926K, committed 6016K, reserved 1048576K
Event: 17.518 GC heap after
Heap after GC invocations=12 (full 2):
 PSYoungGen      total 112640K, used 24553K [0x00000000d6400000, 0x00000000df900000, 0x0000000100000000)
  eden space 88064K, 0% used [0x00000000d6400000,0x00000000d6400000,0x00000000dba00000)
  from space 24576K, 99% used [0x00000000dd680000,0x00000000dee7a648,0x00000000dee80000)
  to   space 29184K, 0% used [0x00000000dba00000,0x00000000dba00000,0x00000000dd680000)
 ParOldGen       total 131072K, used 40717K [0x0000000082c00000, 0x000000008ac00000, 0x00000000d6400000)
  object space 131072K, 31% used [0x0000000082c00000,0x00000000853c3658,0x000000008ac00000)
 Metaspace       used 47110K, capacity 47939K, committed 48216K, reserved 1091584K
  class space    used 5731K, capacity 5926K, committed 6016K, reserved 1048576K
}

