# JRE version: OpenJDK Runtime Environment (8.0_152-b06) (build 1.8.0_152-release-1136-b06)
# Java VM: OpenJDK 64-Bit Server VM (25.152-b06 mixed mode windows-amd64 compressed oops)
Heap:
 PSYoungGen      total 178176K, used 99483K [0x00000000e0000000, 0x00000000ee900000, 0x0000000100000000)
  eden space 154112K, 48% used [0x00000000e0000000,0x00000000e49ac5a0,0x00000000e9680000)
  from space 24064K, 99% used [0x00000000ed180000,0x00000000ee8fa8d8,0x00000000ee900000)
  to   space 30208K, 0% used [0x00000000eae00000,0x00000000eae00000,0x00000000ecb80000)
 ParOldGen       total 66560K, used 37158K [0x00000000a0000000, 0x00000000a4100000, 0x00000000e0000000)
  object space 66560K, 55% used [0x00000000a0000000,0x00000000a2449850,0x00000000a4100000)
 Metaspace       used 52823K, capacity 53880K, committed 54232K, reserved 1097728K
  class space    used 6374K, capacity 6615K, committed 6656K, reserved 1048576K
GC Heap History (10 events):
Event: 10.289 GC heap before
{Heap before GC invocations=9 (full 2):
 PSYoungGen      total 61440K, used 35483K [0x00000000e0000000, 0x00000000e5880000, 0x0000000100000000)
  eden space 56320K, 53% used [0x00000000e0000000,0x00000000e1daa238,0x00000000e3700000)
  from space 5120K, 99% used [0x00000000e4400000,0x00000000e48fcb28,0x00000000e4900000)
  to   space 13312K, 0% used [0x00000000e3700000,0x00000000e3700000,0x00000000e4400000)
 ParOldGen       total 49152K, used 16717K [0x00000000a0000000, 0x00000000a3000000, 0x00000000e0000000)
  object space 49152K, 34% used [0x00000000a0000000,0x00000000a1053670,0x00000000a3000000)
 Metaspace       used 34566K, capacity 35119K, committed 35416K, reserved 1081344K
  class space    used 4272K, capacity 4436K, committed 4480K, reserved 1048576K
Event: 10.304 GC heap after
Heap after GC invocations=9 (full 2):
 PSYoungGen      total 69632K, used 13252K [0x00000000e0000000, 0x00000000e8880000, 0x0000000100000000)
  eden space 56320K, 0% used [0x00000000e0000000,0x00000000e0000000,0x00000000e3700000)
  from space 13312K, 99% used [0x00000000e3700000,0x00000000e43f1118,0x00000000e4400000)
  to   space 15360K, 0% used [0x00000000e7980000,0x00000000e7980000,0x00000000e8880000)
 ParOldGen       total 49152K, used 16777K [0x00000000a0000000, 0x00000000a3000000, 0x00000000e0000000)
  object space 49152K, 34% used [0x00000000a0000000,0x00000000a1062758,0x00000000a3000000)
 Metaspace       used 34566K, capacity 35119K, committed 35416K, reserved 1081344K
  class space    used 4272K, capacity 4436K, committed 4480K, reserved 1048576K
}
Event: 10.304 GC heap before
{Heap before GC invocations=10 (full 3):
 PSYoungGen      total 69632K, used 13252K [0x00000000e0000000, 0x00000000e8880000, 0x0000000100000000)
  eden space 56320K, 0% used [0x00000000e0000000,0x00000000e0000000,0x00000000e3700000)
  from space 13312K, 99% used [0x00000000e3700000,0x00000000e43f1118,0x00000000e4400000)
  to   space 15360K, 0% used [0x00000000e7980000,0x00000000e7980000,0x00000000e8880000)
 ParOldGen       total 49152K, used 16777K [0x00000000a0000000, 0x00000000a3000000, 0x00000000e0000000)
  object space 49152K, 34% used [0x00000000a0000000,0x00000000a1062758,0x00000000a3000000)
 Metaspace       used 34566K, capacity 35119K, committed 35416K, reserved 1081344K
  class space    used 4272K, capacity 4436K, committed 4480K, reserved 1048576K
Event: 10.398 GC heap after
Heap after GC invocations=10 (full 3):
 PSYoungGen      total 69632K, used 0K [0x00000000e0000000, 0x00000000e8880000, 0x0000000100000000)
  eden space 56320K, 0% used [0x00000000e0000000,0x00000000e0000000,0x00000000e3700000)
  from space 13312K, 0% used [0x00000000e3700000,0x00000000e3700000,0x00000000e4400000)
  to   space 15360K, 0% used [0x00000000e7980000,0x00000000e7980000,0x00000000e8880000)
 ParOldGen       total 66560K, used 20701K [0x00000000a0000000, 0x00000000a4100000, 0x00000000e0000000)
  object space 66560K, 31% used [0x00000000a0000000,0x00000000a1437760,0x00000000a4100000)
 Metaspace       used 34566K, capacity 35119K, committed 35416K, reserved 1081344K
  class space    used 4272K, capacity 4436K, committed 4480K, reserved 1048576K
}
Event: 12.179 GC heap before
{Heap before GC invocations=11 (full 3):
 PSYoungGen      total 69632K, used 56320K [0x00000000e0000000, 0x00000000e8880000, 0x0000000100000000)
  eden space 56320K, 100% used [0x00000000e0000000,0x00000000e3700000,0x00000000e3700000)
  from space 13312K, 0% used [0x00000000e3700000,0x00000000e3700000,0x00000000e4400000)
  to   space 15360K, 0% used [0x00000000e7980000,0x00000000e7980000,0x00000000e8880000)
 ParOldGen       total 66560K, used 20701K [0x00000000a0000000, 0x00000000a4100000, 0x00000000e0000000)
  object space 66560K, 31% used [0x00000000a0000000,0x00000000a1437760,0x00000000a4100000)
 Metaspace       used 38927K, capacity 39568K, committed 40152K, reserved 1085440K
  class space    used 4843K, capacity 5005K, committed 5120K, reserved 1048576K
Event: 12.204 GC heap after
Heap after GC invocations=11 (full 3):
 PSYoungGen      total 119808K, used 15355K [0x00000000e0000000, 0x00000000e8a00000, 0x0000000100000000)
  eden space 104448K, 0% used [0x00000000e0000000,0x00000000e0000000,0x00000000e6600000)
  from space 15360K, 99% used [0x00000000e7980000,0x00000000e887edf8,0x00000000e8880000)
  to   space 18432K, 0% used [0x00000000e6600000,0x00000000e6600000,0x00000000e7800000)
 ParOldGen       total 66560K, used 22164K [0x00000000a0000000, 0x00000000a4100000, 0x00000000e0000000)
  object space 66560K, 33% used [0x00000000a0000000,0x00000000a15a51d0,0x00000000a4100000)
 Metaspace       used 38927K, capacity 39568K, committed 40152K, reserved 1085440K
  class space    used 4843K, capacity 5005K, committed 5120K, reserved 1048576K
}
Event: 14.914 GC heap before
{Heap before GC invocations=12 (full 3):
 PSYoungGen      total 119808K, used 119803K [0x00000000e0000000, 0x00000000e8a00000, 0x0000000100000000)
  eden space 104448K, 100% used [0x00000000e0000000,0x00000000e6600000,0x00000000e6600000)
  from space 15360K, 99% used [0x00000000e7980000,0x00000000e887edf8,0x00000000e8880000)
  to   space 18432K, 0% used [0x00000000e6600000,0x00000000e6600000,0x00000000e7800000)
 ParOldGen       total 66560K, used 22164K [0x00000000a0000000, 0x00000000a4100000, 0x00000000e0000000)
  object space 66560K, 33% used [0x00000000a0000000,0x00000000a15a51d0,0x00000000a4100000)
 Metaspace       used 42759K, capacity 43454K, committed 43864K, reserved 1087488K
  class space    used 5246K, capacity 5418K, committed 5504K, reserved 1048576K
Event: 14.945 GC heap after
Heap after GC invocations=12 (full 3):
 PSYoungGen      total 122880K, used 18410K [0x00000000e0000000, 0x00000000ee900000, 0x0000000100000000)
  eden space 104448K, 0% used [0x00000000e0000000,0x00000000e0000000,0x00000000e6600000)
  from space 18432K, 99% used [0x00000000e6600000,0x00000000e77fa8b8,0x00000000e7800000)
  to   space 24064K, 0% used [0x00000000ed180000,0x00000000ed180000,0x00000000ee900000)
 ParOldGen       total 66560K, used 29535K [0x00000000a0000000, 0x00000000a4100000, 0x00000000e0000000)
  object space 66560K, 44% used [0x00000000a0000000,0x00000000a1cd7ce8,0x00000000a4100000)
 Metaspace       used 42759K, capacity 43454K, committed 43864K, reserved 1087488K
  class space    used 5246K, capacity 5418K, committed 5504K, reserved 1048576K
}
Event: 18.562 GC heap before
{Heap before GC invocations=13 (full 3):
 PSYoungGen      total 122880K, used 122858K [0x00000000e0000000, 0x00000000ee900000, 0x0000000100000000)
  eden space 104448K, 100% used [0x00000000e0000000,0x00000000e6600000,0x00000000e6600000)
  from space 18432K, 99% used [0x00000000e6600000,0x00000000e77fa8b8,0x00000000e7800000)
  to   space 24064K, 0% used [0x00000000ed180000,0x00000000ed180000,0x00000000ee900000)
 ParOldGen       total 66560K, used 29535K [0x00000000a0000000, 0x00000000a4100000, 0x00000000e0000000)
  object space 66560K, 44% used [0x00000000a0000000,0x00000000a1cd7ce8,0x00000000a4100000)
 Metaspace       used 48667K, capacity 49576K, committed 50008K, reserved 1093632K
  class space    used 6003K, capacity 6215K, committed 6272K, reserved 1048576K
Event: 18.602 GC heap after
Heap after GC invocations=13 (full 3):
 PSYoungGen      total 178176K, used 24042K [0x00000000e0000000, 0x00000000ee900000, 0x0000000100000000)
  eden space 154112K, 0% used [0x00000000e0000000,0x00000000e0000000,0x00000000e9680000)
  from space 24064K, 99% used [0x00000000ed180000,0x00000000ee8fa8d8,0x00000000ee900000)
  to   space 30208K, 0% used [0x00000000eae00000,0x00000000eae00000,0x00000000ecb80000)
 ParOldGen       total 66560K, used 37158K [0x00000000a0000000, 0x00000000a4100000, 0x00000000e0000000)
  object space 66560K, 55% used [0x00000000a0000000,0x00000000a2449850,0x00000000a4100000)
 Metaspace       used 48667K, capacity 49576K, committed 50008K, reserved 1093632K
  class space    used 6003K, capacity 6215K, committed 6272K, reserved 1048576K
}

