# JRE version: OpenJDK Runtime Environment (8.0_152-b06) (build 1.8.0_152-release-1136-b06)
# Java VM: OpenJDK 64-Bit Server VM (25.152-b06 mixed mode windows-amd64 compressed oops)
Heap:
 PSYoungGen      total 89600K, used 70136K [0x00000000d6400000, 0x00000000dd580000, 0x0000000100000000)
  eden space 74752K, 73% used [0x00000000d6400000,0x00000000d9a04c20,0x00000000dad00000)
  from space 14848K, 99% used [0x00000000dc700000,0x00000000dd579698,0x00000000dd580000)
  to   space 17408K, 0% used [0x00000000db380000,0x00000000db380000,0x00000000dc480000)
 ParOldGen       total 64512K, used 40000K [0x0000000082c00000, 0x0000000086b00000, 0x00000000d6400000)
  object space 64512K, 62% used [0x0000000082c00000,0x0000000085310300,0x0000000086b00000)
 Metaspace       used 46248K, capacity 47105K, committed 47320K, reserved 1091584K
  class space    used 5643K, capacity 5851K, committed 5888K, reserved 1048576K
GC Heap History (10 events):
Event: 11.321 GC heap before
{Heap before GC invocations=8 (full 1):
 PSYoungGen      total 63488K, used 39418K [0x00000000d6400000, 0x00000000db380000, 0x0000000100000000)
  eden space 50176K, 52% used [0x00000000d6400000,0x00000000d7dc2f18,0x00000000d9500000)
  from space 13312K, 97% used [0x00000000da380000,0x00000000db03bc68,0x00000000db080000)
  to   space 14848K, 0% used [0x00000000d9500000,0x00000000d9500000,0x00000000da380000)
 ParOldGen       total 64512K, used 19197K [0x0000000082c00000, 0x0000000086b00000, 0x00000000d6400000)
  object space 64512K, 29% used [0x0000000082c00000,0x0000000083ebf570,0x0000000086b00000)
 Metaspace       used 34500K, capacity 35023K, committed 35416K, reserved 1081344K
  class space    used 4312K, capacity 4480K, committed 4480K, reserved 1048576K
Event: 11.338 GC heap after
Heap after GC invocations=8 (full 1):
 PSYoungGen      total 65024K, used 14753K [0x00000000d6400000, 0x00000000dd700000, 0x0000000100000000)
  eden space 50176K, 0% used [0x00000000d6400000,0x00000000d6400000,0x00000000d9500000)
  from space 14848K, 99% used [0x00000000d9500000,0x00000000da368640,0x00000000da380000)
  to   space 16384K, 0% used [0x00000000dc700000,0x00000000dc700000,0x00000000dd700000)
 ParOldGen       total 64512K, used 19205K [0x0000000082c00000, 0x0000000086b00000, 0x00000000d6400000)
  object space 64512K, 29% used [0x0000000082c00000,0x0000000083ec1570,0x0000000086b00000)
 Metaspace       used 34500K, capacity 35023K, committed 35416K, reserved 1081344K
  class space    used 4312K, capacity 4480K, committed 4480K, reserved 1048576K
}
Event: 11.338 GC heap before
{Heap before GC invocations=9 (full 2):
 PSYoungGen      total 65024K, used 14753K [0x00000000d6400000, 0x00000000dd700000, 0x0000000100000000)
  eden space 50176K, 0% used [0x00000000d6400000,0x00000000d6400000,0x00000000d9500000)
  from space 14848K, 99% used [0x00000000d9500000,0x00000000da368640,0x00000000da380000)
  to   space 16384K, 0% used [0x00000000dc700000,0x00000000dc700000,0x00000000dd700000)
 ParOldGen       total 64512K, used 19205K [0x0000000082c00000, 0x0000000086b00000, 0x00000000d6400000)
  object space 64512K, 29% used [0x0000000082c00000,0x0000000083ec1570,0x0000000086b00000)
 Metaspace       used 34500K, capacity 35023K, committed 35416K, reserved 1081344K
  class space    used 4312K, capacity 4480K, committed 4480K, reserved 1048576K
Event: 11.459 GC heap after
Heap after GC invocations=9 (full 2):
 PSYoungGen      total 65024K, used 0K [0x00000000d6400000, 0x00000000dd700000, 0x0000000100000000)
  eden space 50176K, 0% used [0x00000000d6400000,0x00000000d6400000,0x00000000d9500000)
  from space 14848K, 0% used [0x00000000d9500000,0x00000000d9500000,0x00000000da380000)
  to   space 16384K, 0% used [0x00000000dc700000,0x00000000dc700000,0x00000000dd700000)
 ParOldGen       total 64512K, used 27978K [0x0000000082c00000, 0x0000000086b00000, 0x00000000d6400000)
  object space 64512K, 43% used [0x0000000082c00000,0x0000000084752ad0,0x0000000086b00000)
 Metaspace       used 34500K, capacity 35023K, committed 35416K, reserved 1081344K
  class space    used 4312K, capacity 4480K, committed 4480K, reserved 1048576K
}
Event: 13.006 GC heap before
{Heap before GC invocations=10 (full 2):
 PSYoungGen      total 65024K, used 50176K [0x00000000d6400000, 0x00000000dd700000, 0x0000000100000000)
  eden space 50176K, 100% used [0x00000000d6400000,0x00000000d9500000,0x00000000d9500000)
  from space 14848K, 0% used [0x00000000d9500000,0x00000000d9500000,0x00000000da380000)
  to   space 16384K, 0% used [0x00000000dc700000,0x00000000dc700000,0x00000000dd700000)
 ParOldGen       total 64512K, used 27978K [0x0000000082c00000, 0x0000000086b00000, 0x00000000d6400000)
  object space 64512K, 43% used [0x0000000082c00000,0x0000000084752ad0,0x0000000086b00000)
 Metaspace       used 36851K, capacity 37401K, committed 37848K, reserved 1083392K
  class space    used 4580K, capacity 4756K, committed 4864K, reserved 1048576K
Event: 13.024 GC heap after
Heap after GC invocations=10 (full 2):
 PSYoungGen      total 89600K, used 14510K [0x00000000d6400000, 0x00000000dd580000, 0x0000000100000000)
  eden space 74752K, 0% used [0x00000000d6400000,0x00000000d6400000,0x00000000dad00000)
  from space 14848K, 97% used [0x00000000dc700000,0x00000000dd52bbf0,0x00000000dd580000)
  to   space 17408K, 0% used [0x00000000db380000,0x00000000db380000,0x00000000dc480000)
 ParOldGen       total 64512K, used 27986K [0x0000000082c00000, 0x0000000086b00000, 0x00000000d6400000)
  object space 64512K, 43% used [0x0000000082c00000,0x0000000084754ad0,0x0000000086b00000)
 Metaspace       used 36851K, capacity 37401K, committed 37848K, reserved 1083392K
  class space    used 4580K, capacity 4756K, committed 4864K, reserved 1048576K
}
Event: 14.045 GC heap before
{Heap before GC invocations=11 (full 2):
 PSYoungGen      total 89600K, used 89262K [0x00000000d6400000, 0x00000000dd580000, 0x0000000100000000)
  eden space 74752K, 100% used [0x00000000d6400000,0x00000000dad00000,0x00000000dad00000)
  from space 14848K, 97% used [0x00000000dc700000,0x00000000dd52bbf0,0x00000000dd580000)
  to   space 17408K, 0% used [0x00000000db380000,0x00000000db380000,0x00000000dc480000)
 ParOldGen       total 64512K, used 27986K [0x0000000082c00000, 0x0000000086b00000, 0x00000000d6400000)
  object space 64512K, 43% used [0x0000000082c00000,0x0000000084754ad0,0x0000000086b00000)
 Metaspace       used 39095K, capacity 39707K, committed 40024K, reserved 1085440K
  class space    used 4781K, capacity 4966K, committed 4992K, reserved 1048576K
Event: 14.071 GC heap after
Heap after GC invocations=11 (full 2):
 PSYoungGen      total 92160K, used 17393K [0x00000000d6400000, 0x00000000dd580000, 0x0000000100000000)
  eden space 74752K, 0% used [0x00000000d6400000,0x00000000d6400000,0x00000000dad00000)
  from space 17408K, 99% used [0x00000000db380000,0x00000000dc47c748,0x00000000dc480000)
  to   space 14848K, 0% used [0x00000000dc700000,0x00000000dc700000,0x00000000dd580000)
 ParOldGen       total 64512K, used 28155K [0x0000000082c00000, 0x0000000086b00000, 0x00000000d6400000)
  object space 64512K, 43% used [0x0000000082c00000,0x000000008477ed10,0x0000000086b00000)
 Metaspace       used 39095K, capacity 39707K, committed 40024K, reserved 1085440K
  class space    used 4781K, capacity 4966K, committed 4992K, reserved 1048576K
}
Event: 16.464 GC heap before
{Heap before GC invocations=12 (full 2):
 PSYoungGen      total 92160K, used 92145K [0x00000000d6400000, 0x00000000dd580000, 0x0000000100000000)
  eden space 74752K, 100% used [0x00000000d6400000,0x00000000dad00000,0x00000000dad00000)
  from space 17408K, 99% used [0x00000000db380000,0x00000000dc47c748,0x00000000dc480000)
  to   space 14848K, 0% used [0x00000000dc700000,0x00000000dc700000,0x00000000dd580000)
 ParOldGen       total 64512K, used 28155K [0x0000000082c00000, 0x0000000086b00000, 0x00000000d6400000)
  object space 64512K, 43% used [0x0000000082c00000,0x000000008477ed10,0x0000000086b00000)
 Metaspace       used 44754K, capacity 45535K, committed 45912K, reserved 1089536K
  class space    used 5528K, capacity 5730K, committed 5760K, reserved 1048576K
Event: 16.500 GC heap after
Heap after GC invocations=12 (full 2):
 PSYoungGen      total 89600K, used 14821K [0x00000000d6400000, 0x00000000dd580000, 0x0000000100000000)
  eden space 74752K, 0% used [0x00000000d6400000,0x00000000d6400000,0x00000000dad00000)
  from space 14848K, 99% used [0x00000000dc700000,0x00000000dd579698,0x00000000dd580000)
  to   space 17408K, 0% used [0x00000000db380000,0x00000000db380000,0x00000000dc480000)
 ParOldGen       total 64512K, used 40000K [0x0000000082c00000, 0x0000000086b00000, 0x00000000d6400000)
  object space 64512K, 62% used [0x0000000082c00000,0x0000000085310300,0x0000000086b00000)
 Metaspace       used 44754K, capacity 45535K, committed 45912K, reserved 1089536K
  class space    used 5528K, capacity 5730K, committed 5760K, reserved 1048576K
}

