# JRE version: OpenJDK Runtime Environment (8.0_152-b06) (build 1.8.0_152-release-1136-b06)
# Java VM: OpenJDK 64-Bit Server VM (25.152-b06 mixed mode windows-amd64 compressed oops)
Heap:
 PSYoungGen      total 91136K, used 64681K [0x00000000e0000000, 0x00000000e7580000, 0x0000000100000000)
  eden space 68608K, 61% used [0x00000000e0000000,0x00000000e292e8f0,0x00000000e4300000)
  from space 22528K, 99% used [0x00000000e5f80000,0x00000000e757bd28,0x00000000e7580000)
  to   space 25600K, 0% used [0x00000000e4380000,0x00000000e4380000,0x00000000e5c80000)
 ParOldGen       total 129536K, used 30071K [0x00000000a0000000, 0x00000000a7e80000, 0x00000000e0000000)
  object space 129536K, 23% used [0x00000000a0000000,0x00000000a1d5def0,0x00000000a7e80000)
 Metaspace       used 46485K, capacity 47326K, committed 47656K, reserved 1091584K
  class space    used 5693K, capacity 5906K, committed 5928K, reserved 1048576K
GC Heap History (10 events):
Event: 8.543 GC heap before
{Heap before GC invocations=9 (full 3):
 PSYoungGen      total 46592K, used 5118K [0x00000000e0000000, 0x00000000e5200000, 0x0000000100000000)
  eden space 41472K, 0% used [0x00000000e0000000,0x00000000e0000000,0x00000000e2880000)
  from space 5120K, 99% used [0x00000000e3800000,0x00000000e3cffb18,0x00000000e3d00000)
  to   space 15872K, 0% used [0x00000000e2880000,0x00000000e2880000,0x00000000e3800000)
 ParOldGen       total 73216K, used 28180K [0x00000000a0000000, 0x00000000a4780000, 0x00000000e0000000)
  object space 73216K, 38% used [0x00000000a0000000,0x00000000a1b853d0,0x00000000a4780000)
 Metaspace       used 34619K, capacity 35137K, committed 35496K, reserved 1081344K
  class space    used 4280K, capacity 4439K, committed 4520K, reserved 1048576K
Event: 8.644 GC heap after
Heap after GC invocations=9 (full 3):
 PSYoungGen      total 46592K, used 0K [0x00000000e0000000, 0x00000000e5200000, 0x0000000100000000)
  eden space 41472K, 0% used [0x00000000e0000000,0x00000000e0000000,0x00000000e2880000)
  from space 5120K, 0% used [0x00000000e3800000,0x00000000e3800000,0x00000000e3d00000)
  to   space 15872K, 0% used [0x00000000e2880000,0x00000000e2880000,0x00000000e3800000)
 ParOldGen       total 129536K, used 25542K [0x00000000a0000000, 0x00000000a7e80000, 0x00000000e0000000)
  object space 129536K, 19% used [0x00000000a0000000,0x00000000a18f1968,0x00000000a7e80000)
 Metaspace       used 34619K, capacity 35137K, committed 35496K, reserved 1081344K
  class space    used 4280K, capacity 4439K, committed 4520K, reserved 1048576K
}
Event: 9.315 GC heap before
{Heap before GC invocations=10 (full 3):
 PSYoungGen      total 46592K, used 40257K [0x00000000e0000000, 0x00000000e5200000, 0x0000000100000000)
  eden space 41472K, 97% used [0x00000000e0000000,0x00000000e2750468,0x00000000e2880000)
  from space 5120K, 0% used [0x00000000e3800000,0x00000000e3800000,0x00000000e3d00000)
  to   space 15872K, 0% used [0x00000000e2880000,0x00000000e2880000,0x00000000e3800000)
 ParOldGen       total 129536K, used 25542K [0x00000000a0000000, 0x00000000a7e80000, 0x00000000e0000000)
  object space 129536K, 19% used [0x00000000a0000000,0x00000000a18f1968,0x00000000a7e80000)
 Metaspace       used 37489K, capacity 38092K, committed 38568K, reserved 1083392K
  class space    used 4594K, capacity 4745K, committed 4776K, reserved 1048576K
Event: 9.323 GC heap after
Heap after GC invocations=10 (full 3):
 PSYoungGen      total 57344K, used 10511K [0x00000000e0000000, 0x00000000e5400000, 0x0000000100000000)
  eden space 41472K, 0% used [0x00000000e0000000,0x00000000e0000000,0x00000000e2880000)
  from space 15872K, 66% used [0x00000000e2880000,0x00000000e32c3ed8,0x00000000e3800000)
  to   space 15872K, 0% used [0x00000000e4480000,0x00000000e4480000,0x00000000e5400000)
 ParOldGen       total 129536K, used 25550K [0x00000000a0000000, 0x00000000a7e80000, 0x00000000e0000000)
  object space 129536K, 19% used [0x00000000a0000000,0x00000000a18f3968,0x00000000a7e80000)
 Metaspace       used 37489K, capacity 38092K, committed 38568K, reserved 1083392K
  class space    used 4594K, capacity 4745K, committed 4776K, reserved 1048576K
}
Event: 10.177 GC heap before
{Heap before GC invocations=11 (full 3):
 PSYoungGen      total 57344K, used 51983K [0x00000000e0000000, 0x00000000e5400000, 0x0000000100000000)
  eden space 41472K, 100% used [0x00000000e0000000,0x00000000e2880000,0x00000000e2880000)
  from space 15872K, 66% used [0x00000000e2880000,0x00000000e32c3ed8,0x00000000e3800000)
  to   space 15872K, 0% used [0x00000000e4480000,0x00000000e4480000,0x00000000e5400000)
 ParOldGen       total 129536K, used 25550K [0x00000000a0000000, 0x00000000a7e80000, 0x00000000e0000000)
  object space 129536K, 19% used [0x00000000a0000000,0x00000000a18f3968,0x00000000a7e80000)
 Metaspace       used 40499K, capacity 41168K, committed 41640K, reserved 1085440K
  class space    used 5045K, capacity 5211K, committed 5288K, reserved 1048576K
Event: 10.205 GC heap after
Heap after GC invocations=11 (full 3):
 PSYoungGen      total 67072K, used 15868K [0x00000000e0000000, 0x00000000e5e00000, 0x0000000100000000)
  eden space 51200K, 0% used [0x00000000e0000000,0x00000000e0000000,0x00000000e3200000)
  from space 15872K, 99% used [0x00000000e4480000,0x00000000e53ff388,0x00000000e5400000)
  to   space 18944K, 0% used [0x00000000e3200000,0x00000000e3200000,0x00000000e4480000)
 ParOldGen       total 129536K, used 27201K [0x00000000a0000000, 0x00000000a7e80000, 0x00000000e0000000)
  object space 129536K, 20% used [0x00000000a0000000,0x00000000a1a905e0,0x00000000a7e80000)
 Metaspace       used 40499K, capacity 41168K, committed 41640K, reserved 1085440K
  class space    used 5045K, capacity 5211K, committed 5288K, reserved 1048576K
}
Event: 10.874 GC heap before
{Heap before GC invocations=12 (full 3):
 PSYoungGen      total 67072K, used 67068K [0x00000000e0000000, 0x00000000e5e00000, 0x0000000100000000)
  eden space 51200K, 100% used [0x00000000e0000000,0x00000000e3200000,0x00000000e3200000)
  from space 15872K, 99% used [0x00000000e4480000,0x00000000e53ff388,0x00000000e5400000)
  to   space 18944K, 0% used [0x00000000e3200000,0x00000000e3200000,0x00000000e4480000)
 ParOldGen       total 129536K, used 27201K [0x00000000a0000000, 0x00000000a7e80000, 0x00000000e0000000)
  object space 129536K, 20% used [0x00000000a0000000,0x00000000a1a905e0,0x00000000a7e80000)
 Metaspace       used 42320K, capacity 43032K, committed 43688K, reserved 1087488K
  class space    used 5230K, capacity 5445K, committed 5544K, reserved 1048576K
Event: 10.899 GC heap after
Heap after GC invocations=12 (full 3):
 PSYoungGen      total 70144K, used 18934K [0x00000000e0000000, 0x00000000e7580000, 0x0000000100000000)
  eden space 51200K, 0% used [0x00000000e0000000,0x00000000e0000000,0x00000000e3200000)
  from space 18944K, 99% used [0x00000000e3200000,0x00000000e447dad8,0x00000000e4480000)
  to   space 22528K, 0% used [0x00000000e5f80000,0x00000000e5f80000,0x00000000e7580000)
 ParOldGen       total 129536K, used 29704K [0x00000000a0000000, 0x00000000a7e80000, 0x00000000e0000000)
  object space 129536K, 22% used [0x00000000a0000000,0x00000000a1d02338,0x00000000a7e80000)
 Metaspace       used 42320K, capacity 43032K, committed 43688K, reserved 1087488K
  class space    used 5230K, capacity 5445K, committed 5544K, reserved 1048576K
}
Event: 11.422 GC heap before
{Heap before GC invocations=13 (full 3):
 PSYoungGen      total 70144K, used 70134K [0x00000000e0000000, 0x00000000e7580000, 0x0000000100000000)
  eden space 51200K, 100% used [0x00000000e0000000,0x00000000e3200000,0x00000000e3200000)
  from space 18944K, 99% used [0x00000000e3200000,0x00000000e447dad8,0x00000000e4480000)
  to   space 22528K, 0% used [0x00000000e5f80000,0x00000000e5f80000,0x00000000e7580000)
 ParOldGen       total 129536K, used 29704K [0x00000000a0000000, 0x00000000a7e80000, 0x00000000e0000000)
  object space 129536K, 22% used [0x00000000a0000000,0x00000000a1d02338,0x00000000a7e80000)
 Metaspace       used 43279K, capacity 43982K, committed 44456K, reserved 1087488K
  class space    used 5309K, capacity 5524K, committed 5544K, reserved 1048576K
Event: 11.455 GC heap after
Heap after GC invocations=13 (full 3):
 PSYoungGen      total 91136K, used 22511K [0x00000000e0000000, 0x00000000e7580000, 0x0000000100000000)
  eden space 68608K, 0% used [0x00000000e0000000,0x00000000e0000000,0x00000000e4300000)
  from space 22528K, 99% used [0x00000000e5f80000,0x00000000e757bd28,0x00000000e7580000)
  to   space 25600K, 0% used [0x00000000e4380000,0x00000000e4380000,0x00000000e5c80000)
 ParOldGen       total 129536K, used 30071K [0x00000000a0000000, 0x00000000a7e80000, 0x00000000e0000000)
  object space 129536K, 23% used [0x00000000a0000000,0x00000000a1d5def0,0x00000000a7e80000)
 Metaspace       used 43279K, capacity 43982K, committed 44456K, reserved 1087488K
  class space    used 5309K, capacity 5524K, committed 5544K, reserved 1048576K
}

